Base path: /Applications/Unity/Hub/Editor/2018.3.6f1/Unity.app/Contents
Cmd: initializeCompiler
Cmd: translateComputeKernel
  api=14 insize=48553 outsize=85569 ok=1
Cmd: translateComputeKernel
  api=14 insize=11297 outsize=22357 ok=1
Cmd: translateComputeKernel
  api=14 insize=3445 outsize=6009 ok=1
Cmd: compileComputeKernel
  api=14 insize=18731 outsize=11321 ok=1
Cmd: translateComputeKernel
  api=14 insize=9405 outsize=16213 ok=1
Cmd: translateComputeKernel
  api=14 insize=11489 outsize=25117 ok=1
Cmd: compileComputeKernel
  api=14 insize=1957 outsize=1137 ok=1
Cmd: compileComputeKernel
  api=14 insize=2953 outsize=793 ok=1
Cmd: translateComputeKernel
  api=14 insize=2001 outsize=3541 ok=1
Cmd: compileComputeKernel
  api=14 insize=2120 outsize=1509 ok=1
Cmd: translateComputeKernel
  api=14 insize=1505 outsize=2273 ok=1
